TN:
SF:src/api/Abstract.ts
FN:8,API
FNF:1
FNH:1
FNDA:2,API
DA:1,1
DA:2,1
DA:3,1
DA:4,1
DA:5,1
DA:6,1
DA:7,1
DA:8,1
DA:9,2
DA:10,2
DA:11,2
DA:12,2
DA:13,2
DA:14,2
DA:15,2
DA:16,2
DA:17,1
LF:17
LH:17
BRDA:8,0,0,2
BRF:1
BRH:1
end_of_record
TN:
SF:src/api/BanksApi.ts
FN:7,BanksAPI
FN:11,getBankList
FNF:2
FNH:2
FNDA:2,BanksAPI
FNDA:2,getBankList
DA:1,1
DA:2,1
DA:3,1
DA:4,1
DA:5,1
DA:6,1
DA:7,1
DA:8,2
DA:9,2
DA:10,1
DA:11,1
DA:12,2
DA:13,2
DA:14,2
DA:15,2
DA:16,2
DA:17,1
LF:17
LH:17
BRDA:7,0,0,2
BRDA:11,1,0,2
BRF:2
BRH:2
end_of_record
TN:
SF:src/api/Http.ts
FN:13,get
FNF:1
FNH:1
FNDA:2,get
DA:1,1
DA:2,1
DA:3,1
DA:4,1
DA:5,1
DA:6,1
DA:7,1
DA:8,1
DA:9,1
DA:10,1
DA:11,1
DA:12,1
DA:13,1
DA:14,2
DA:15,2
DA:16,2
DA:17,2
DA:18,2
DA:19,2
DA:20,2
DA:21,2
DA:22,2
DA:23,1
LF:23
LH:23
BRDA:13,0,0,2
BRF:1
BRH:1
end_of_record
TN:
SF:src/components/cards/BankCard.tsx
FN:6,BankCard
FNF:1
FNH:0
FNDA:0,BankCard
DA:1,1
DA:2,1
DA:3,1
DA:4,1
DA:5,1
DA:6,1
DA:7,0
DA:8,0
DA:9,0
DA:10,0
DA:11,0
DA:12,0
DA:13,0
DA:14,0
DA:15,0
DA:16,0
LF:16
LH:6
BRF:0
BRH:0
end_of_record
TN:
SF:src/components/cards/GridCard.tsx
FN:20,GridCard
FNF:1
FNH:1
FNDA:24,GridCard
DA:1,1
DA:2,1
DA:3,1
DA:4,1
DA:5,1
DA:6,1
DA:7,1
DA:8,1
DA:9,1
DA:10,1
DA:11,1
DA:12,1
DA:13,1
DA:14,1
DA:15,1
DA:16,1
DA:17,1
DA:18,1
DA:19,1
DA:20,1
DA:21,24
DA:22,24
DA:23,24
DA:24,24
DA:25,24
DA:26,24
DA:27,24
DA:28,24
DA:29,24
DA:30,24
DA:31,24
DA:32,24
DA:33,24
DA:34,24
DA:35,24
DA:36,24
LF:36
LH:36
BRDA:20,0,0,24
BRF:1
BRH:1
end_of_record
TN:
SF:src/components/lists/BankList.tsx
FN:13,BankList
FNF:1
FNH:1
FNDA:4,BankList
DA:1,1
DA:2,1
DA:3,1
DA:4,1
DA:5,1
DA:6,1
DA:7,1
DA:8,1
DA:9,1
DA:10,1
DA:11,1
DA:12,1
DA:13,1
DA:14,4
DA:15,4
DA:16,4
DA:17,4
DA:18,4
DA:19,4
DA:20,4
DA:21,4
DA:22,4
DA:23,4
DA:24,4
DA:25,4
DA:26,4
DA:27,0
DA:28,4
DA:29,4
DA:30,4
DA:31,4
DA:32,4
DA:33,4
DA:34,4
DA:35,4
DA:36,4
DA:37,4
DA:38,4
DA:39,4
DA:40,4
LF:40
LH:39
BRDA:13,0,0,4
BRDA:24,1,0,2
BRDA:26,2,0,0
BRF:3
BRH:2
end_of_record
TN:
SF:src/components/modal/GenericModal.tsx
FN:23,GenericModal
FNF:1
FNH:1
FNDA:4,GenericModal
DA:1,1
DA:2,1
DA:3,1
DA:4,1
DA:5,1
DA:6,1
DA:7,1
DA:8,1
DA:9,1
DA:10,1
DA:11,1
DA:12,1
DA:13,1
DA:14,1
DA:15,1
DA:16,1
DA:17,1
DA:18,1
DA:19,1
DA:20,1
DA:21,1
DA:22,1
DA:23,1
DA:24,4
DA:25,4
DA:26,4
DA:27,4
DA:28,4
DA:29,4
DA:30,4
DA:31,4
DA:32,4
DA:33,4
DA:34,4
DA:35,4
DA:36,4
DA:37,4
DA:38,4
DA:39,0
DA:40,4
DA:41,4
DA:42,4
DA:43,4
DA:44,4
DA:45,4
LF:45
LH:44
BRDA:23,0,0,4
BRDA:38,1,0,0
BRF:2
BRH:1
end_of_record
TN:
SF:src/components/modal/ModalError.tsx
FN:9,ModalError
FNF:1
FNH:1
FNDA:4,ModalError
DA:1,1
DA:2,1
DA:3,1
DA:4,1
DA:5,1
DA:6,1
DA:7,1
DA:8,1
DA:9,1
DA:10,4
DA:11,4
DA:12,4
DA:13,4
DA:14,4
DA:15,4
DA:16,4
DA:17,4
LF:17
LH:17
BRDA:9,0,0,4
BRF:1
BRH:1
end_of_record
TN:
SF:src/components/modal/ModalWrapper.tsx
FN:13,ModalWrapper
FNF:1
FNH:1
FNDA:4,ModalWrapper
DA:1,1
DA:2,1
DA:3,1
DA:4,1
DA:5,1
DA:6,1
DA:7,1
DA:8,1
DA:9,1
DA:10,1
DA:11,1
DA:12,1
DA:13,1
DA:14,4
DA:15,4
DA:16,4
DA:17,4
DA:18,4
DA:19,4
LF:19
LH:19
BRDA:13,0,0,4
BRF:1
BRH:1
end_of_record
TN:
SF:src/components/skeleton/SkeletonCard.tsx
FN:13,SkeletonCard
FNF:1
FNH:1
FNDA:4,SkeletonCard
DA:1,1
DA:2,1
DA:3,1
DA:4,1
DA:5,1
DA:6,1
DA:7,1
DA:8,1
DA:9,1
DA:10,1
DA:11,1
DA:12,1
DA:13,1
DA:14,4
DA:15,4
DA:16,4
DA:17,24
DA:18,24
DA:19,24
DA:20,24
DA:21,24
DA:22,24
DA:23,24
DA:24,24
DA:25,24
DA:26,24
DA:27,4
DA:28,4
LF:28
LH:28
BRDA:13,0,0,4
BRDA:16,1,0,24
BRF:2
BRH:2
end_of_record
TN:
SF:src/context/BankContext.tsx
FN:8,BankFetcher
FN:28,close
FN:34,BankContextProvider
FN:40,close
FNF:4
FNH:2
FNDA:2,BankFetcher
FNDA:0,close
FNDA:5,BankContextProvider
FNDA:0,close
DA:1,1
DA:2,1
DA:3,1
DA:4,1
DA:5,1
DA:6,1
DA:7,1
DA:8,1
DA:9,1
DA:10,1
DA:11,1
DA:12,1
DA:13,1
DA:14,1
DA:15,1
DA:16,1
DA:17,1
DA:18,1
DA:19,1
DA:20,1
DA:21,1
DA:22,1
DA:23,1
DA:24,1
DA:25,1
DA:26,1
DA:27,1
DA:28,1
DA:29,1
DA:30,1
DA:31,1
DA:32,1
DA:33,1
DA:34,1
DA:35,5
DA:36,5
DA:37,5
DA:38,5
DA:39,5
DA:40,5
DA:41,0
DA:42,5
DA:43,5
DA:44,5
DA:45,5
DA:46,5
DA:47,5
DA:48,5
DA:49,2
DA:50,2
DA:51,0
DA:52,0
DA:53,2
DA:54,2
DA:55,2
DA:56,0
DA:57,0
DA:58,2
DA:59,2
DA:60,2
DA:61,2
DA:62,2
DA:63,5
DA:64,5
DA:65,5
DA:66,5
DA:67,5
DA:68,5
DA:69,5
DA:70,5
DA:71,5
DA:72,5
DA:73,5
DA:74,5
DA:75,5
DA:76,5
LF:76
LH:71
BRDA:8,0,0,2
BRDA:34,1,0,5
BRDA:48,2,0,2
BRDA:50,3,0,0
BRDA:54,4,0,2
BRDA:55,5,0,0
BRF:6
BRH:4
end_of_record
TN:
SF:src/hooks/useFetchData.ts
FN:16,useFetchData
FN:21,fetch
FNF:2
FNH:2
FNDA:4,useFetchData
FNDA:2,fetch
DA:1,1
DA:2,1
DA:3,1
DA:4,1
DA:5,1
DA:6,1
DA:7,1
DA:8,1
DA:9,1
DA:10,1
DA:11,1
DA:12,1
DA:13,1
DA:14,1
DA:15,1
DA:16,1
DA:17,4
DA:18,4
DA:19,4
DA:20,4
DA:21,4
DA:22,2
DA:23,2
DA:24,2
DA:25,2
DA:26,2
DA:27,0
DA:28,0
DA:29,0
DA:30,0
DA:31,0
DA:32,2
DA:33,2
DA:34,2
DA:35,2
DA:36,2
DA:37,2
DA:38,2
DA:39,2
DA:40,0
DA:41,0
DA:42,0
DA:43,0
DA:44,0
DA:45,0
DA:46,4
DA:47,4
DA:48,4
LF:48
LH:37
BRDA:16,0,0,4
BRDA:21,1,0,2
BRDA:26,2,0,0
BRDA:26,3,0,0
BRDA:39,4,0,0
BRF:5
BRH:2
end_of_record
